[debug] [2021-12-09T07:28:53.378Z] ----------------------------------------------------------------------
[debug] [2021-12-09T07:28:53.380Z] Command:       C:\Program Files\nodejs\node.exe C:\Users\Finzly\AppData\Roaming\npm\node_modules\firebase-tools\lib\bin\firebase.js init
[debug] [2021-12-09T07:28:53.381Z] CLI Version:   9.23.1
[debug] [2021-12-09T07:28:53.381Z] Platform:      win32
[debug] [2021-12-09T07:28:53.381Z] Node Version:  v14.18.1
[debug] [2021-12-09T07:28:53.382Z] Time:          Thu Dec 09 2021 12:58:53 GMT+0530 (India Standard Time)
[debug] [2021-12-09T07:28:53.382Z] ----------------------------------------------------------------------
[debug] 
[debug] [2021-12-09T07:28:53.440Z] > command requires scopes: ["email","openid","https://www.googleapis.com/auth/cloudplatformprojects.readonly","https://www.googleapis.com/auth/firebase","https://www.googleapis.com/auth/cloud-platform"]
[debug] [2021-12-09T07:28:53.440Z] > authorizing via signed-in user (hishamhaja43@gmail.com)
[info] 
     ######## #### ########  ######## ########     ###     ######  ########
     ##        ##  ##     ## ##       ##     ##  ##   ##  ##       ##
     ######    ##  ########  ######   ########  #########  ######  ######
     ##        ##  ##    ##  ##       ##     ## ##     ##       ## ##
     ##       #### ##     ## ######## ########  ##     ##  ######  ########

You're about to initialize a Firebase project in this directory:

  C:\Users\Finzly\BankingPortal

Before we get started, keep in mind:

  * You are initializing within an existing Firebase project directory

[info] 
=== Project Setup
[info] 
[info] First, let's associate this project directory with a Firebase project.
[info] You can create multiple project aliases by running firebase use --add, 
[info] but for now we'll just set up a default project.
[info] 
[debug] [2021-12-09T07:29:23.067Z] Using project from CLI flag: bankingportal0
[debug] [2021-12-09T07:29:23.070Z] >>> [apiv2][query] GET https://firebase.googleapis.com/v1beta1/projects/bankingportal0 [none]
[debug] [2021-12-09T07:29:23.451Z] <<< [apiv2][status] GET https://firebase.googleapis.com/v1beta1/projects/bankingportal0 403
[debug] [2021-12-09T07:29:23.452Z] <<< [apiv2][body] GET https://firebase.googleapis.com/v1beta1/projects/bankingportal0 {"error":{"code":403,"message":"The caller does not have permission","status":"PERMISSION_DENIED"}}
[debug] [2021-12-09T07:29:23.452Z] HTTP Error: 403, The caller does not have permission
[debug] [2021-12-09T07:29:23.540Z] FirebaseError: HTTP Error: 403, The caller does not have permission
    at module.exports (C:\Users\Finzly\AppData\Roaming\npm\node_modules\firebase-tools\lib\responseToError.js:38:12)
    at Client.doRequest (C:\Users\Finzly\AppData\Roaming\npm\node_modules\firebase-tools\lib\apiv2.js:241:23)
    at processTicksAndRejections (internal/process/task_queues.js:95:5)
    at async Client.request (C:\Users\Finzly\AppData\Roaming\npm\node_modules\firebase-tools\lib\apiv2.js:96:20)
    at async Object.getFirebaseProject (C:\Users\Finzly\AppData\Roaming\npm\node_modules\firebase-tools\lib\management\projects.js:290:21)
    at async Object.doSetup [as project] (C:\Users\Finzly\AppData\Roaming\npm\node_modules\firebase-tools\lib\init\features\project.js:85:27)
    at async init (C:\Users\Finzly\AppData\Roaming\npm\node_modules\firebase-tools\lib\init\index.js:19:9)
[error] 
[error] Error: Failed to get Firebase project bankingportal0. Please make sure the project exists and your account has permission to access it.
[debug] [2021-12-09T07:30:29.909Z] ----------------------------------------------------------------------
[debug] [2021-12-09T07:30:29.911Z] Command:       C:\Program Files\nodejs\node.exe C:\Users\Finzly\AppData\Roaming\npm\node_modules\firebase-tools\lib\bin\firebase.js init
[debug] [2021-12-09T07:30:29.911Z] CLI Version:   9.23.1
[debug] [2021-12-09T07:30:29.911Z] Platform:      win32
[debug] [2021-12-09T07:30:29.911Z] Node Version:  v14.18.1
[debug] [2021-12-09T07:30:29.912Z] Time:          Thu Dec 09 2021 13:00:29 GMT+0530 (India Standard Time)
[debug] [2021-12-09T07:30:29.912Z] ----------------------------------------------------------------------
[debug] 
[debug] [2021-12-09T07:30:29.970Z] > command requires scopes: ["email","openid","https://www.googleapis.com/auth/cloudplatformprojects.readonly","https://www.googleapis.com/auth/firebase","https://www.googleapis.com/auth/cloud-platform"]
[debug] [2021-12-09T07:30:29.971Z] > authorizing via signed-in user (hishamhaja43@gmail.com)
[info] 
     ######## #### ########  ######## ########     ###     ######  ########
     ##        ##  ##     ## ##       ##     ##  ##   ##  ##       ##
     ######    ##  ########  ######   ########  #########  ######  ######
     ##        ##  ##    ##  ##       ##     ## ##     ##       ## ##
     ##       #### ##     ## ######## ########  ##     ##  ######  ########

You're about to initialize a Firebase project in this directory:

  C:\Users\Finzly\BankingPortal

Before we get started, keep in mind:

  * You are initializing within an existing Firebase project directory

[info] 
=== Project Setup
[info] 
[info] First, let's associate this project directory with a Firebase project.
[info] You can create multiple project aliases by running firebase use --add, 
[info] but for now we'll just set up a default project.
[info] 
[debug] [2021-12-09T07:30:37.965Z] Using project from CLI flag: bankingportal0
[debug] [2021-12-09T07:30:37.968Z] >>> [apiv2][query] GET https://firebase.googleapis.com/v1beta1/projects/bankingportal0 [none]
[debug] [2021-12-09T07:30:38.348Z] <<< [apiv2][status] GET https://firebase.googleapis.com/v1beta1/projects/bankingportal0 403
[debug] [2021-12-09T07:30:38.348Z] <<< [apiv2][body] GET https://firebase.googleapis.com/v1beta1/projects/bankingportal0 {"error":{"code":403,"message":"The caller does not have permission","status":"PERMISSION_DENIED"}}
[debug] [2021-12-09T07:30:38.349Z] HTTP Error: 403, The caller does not have permission
[debug] [2021-12-09T07:30:38.432Z] FirebaseError: HTTP Error: 403, The caller does not have permission
    at module.exports (C:\Users\Finzly\AppData\Roaming\npm\node_modules\firebase-tools\lib\responseToError.js:38:12)
    at Client.doRequest (C:\Users\Finzly\AppData\Roaming\npm\node_modules\firebase-tools\lib\apiv2.js:241:23)
    at processTicksAndRejections (internal/process/task_queues.js:95:5)
    at async Client.request (C:\Users\Finzly\AppData\Roaming\npm\node_modules\firebase-tools\lib\apiv2.js:96:20)
    at async Object.getFirebaseProject (C:\Users\Finzly\AppData\Roaming\npm\node_modules\firebase-tools\lib\management\projects.js:290:21)
    at async Object.doSetup [as project] (C:\Users\Finzly\AppData\Roaming\npm\node_modules\firebase-tools\lib\init\features\project.js:85:27)
    at async init (C:\Users\Finzly\AppData\Roaming\npm\node_modules\firebase-tools\lib\init\index.js:19:9)
[error] 
[error] Error: Failed to get Firebase project bankingportal0. Please make sure the project exists and your account has permission to access it.
